<?xml version="1.0" encoding="UTF-8"?>
<testsuite xmlns:xsi="http://www.w3.org/2001/XMLSchema-instance" xsi:noNamespaceSchemaLocation="https://maven.apache.org/surefire/maven-surefire-plugin/xsd/surefire-test-report-3.0.xsd" version="3.0" name="br.furb.iot.fachada.CasaInteligenteTest" time="0.413" tests="11" errors="0" skipped="0" failures="0">
  <properties>
[...]
</properties>
  <testcase name="modoTrabalhoComMultiplosDispositivosDeveAcionarTodos" classname="br.furb.iot.fachada.CasaInteligenteTest" time="0.295"/>
  <testcase name="modoTrabalhoDeveAbrirPersiana" classname="br.furb.iot.fachada.CasaInteligenteTest" time="0.004"/>
  <testcase name="modoTrabalhoDeveDefinirTemperatura25NoArCondicionado" classname="br.furb.iot.fachada.CasaInteligenteTest" time="0.006"/>
  <testcase name="modoSonoNaoDeveLigarNenhumDispositivo" classname="br.furb.iot.fachada.CasaInteligenteTest" time="0.008"/>
  <testcase name="modoSonoDeveFecharPersiana" classname="br.furb.iot.fachada.CasaInteligenteTest" time="0.003"/>
  <testcase name="modoSonoComMultiplosDispositivosDeveAcionarTodos" classname="br.furb.iot.fachada.CasaInteligenteTest" time="0.02"/>
  <testcase name="modoSonoDeveDesligarLampada" classname="br.furb.iot.fachada.CasaInteligenteTest" time="0.004"/>
  <testcase name="modoSonoDeveDesligarArCondicionado" classname="br.furb.iot.fachada.CasaInteligenteTest" time="0.004"/>
  <testcase name="modoTrabalhoDeveLigarLampada" classname="br.furb.iot.fachada.CasaInteligenteTest" time="0.004"/>
  <testcase name="modoTrabalhoNaoDeveFecharNemDesligarNenhumDispositivo" classname="br.furb.iot.fachada.CasaInteligenteTest" time="0.004"/>
  <testcase name="modoTrabalhoDeveLigarArCondicionado" classname="br.furb.iot.fachada.CasaInteligenteTest" time="0.022"/>
</testsuite>